[Sun Mar 27 15:23:46.653668 2022] [core:alert] [pid 14733] [client ::1:63572] /Users/davidg/Sites/hypnos/.htaccess: RewriteRule: cannot compile regular expression '^([/.+)$'
[Sun Mar 27 15:42:22.558423 2022] [rewrite:error] [pid 14716] [client ::1:51716] AH02596: RewriteRule '^(.*)/([a-zA-Z/]+)$' and URI '/api/sdfg/qsdf' exceeded maximum number of rounds (10) via the [N] flag
[Sun Mar 27 15:44:59.476970 2022] [core:alert] [pid 14717] [client ::1:52349] /Users/davidg/Sites/hypnos/.htaccess: RewriteRule: cannot compile regular expression '^?([a-zA-Z/]+)$'
[Sun Mar 27 15:45:25.713200 2022] [core:error] [pid 14716] [client ::1:52423] AH00124: Request exceeded the limit of 10 internal redirects due to probable configuration error. Use 'LimitInternalRecursion' to increase the limit if necessary. Use 'LogLevel debug' to get a backtrace.
[Sun Mar 27 15:45:43.354172 2022] [core:error] [pid 14731] [client ::1:52499] AH00124: Request exceeded the limit of 10 internal redirects due to probable configuration error. Use 'LimitInternalRecursion' to increase the limit if necessary. Use 'LogLevel debug' to get a backtrace.
[Sun Mar 27 15:53:31.255862 2022] [core:alert] [pid 14719] [client ::1:54442] /Users/davidg/Sites/hypnos/.htaccess: RewriteRule: cannot compile regular expression '^api/[([a-zA-Z]+)/]?$'
[Sun Mar 27 15:54:15.300357 2022] [core:alert] [pid 14718] [client ::1:54622] /Users/davidg/Sites/hypnos/.htaccess: RewriteRule: cannot compile regular expression '^api[/([a-zA-Z]+)]*$'
[Sun Mar 27 15:54:21.273160 2022] [core:alert] [pid 14716] [client ::1:54623] /Users/davidg/Sites/hypnos/.htaccess: RewriteRule: cannot compile regular expression '^api[/([a-zA-Z]+)]*$'
[Sun Mar 27 15:54:30.492264 2022] [core:alert] [pid 14728] [client ::1:54648] /Users/davidg/Sites/hypnos/.htaccess: RewriteRule: cannot compile regular expression '^api[/([a-zA-Z]+)]*$'
[Sun Mar 27 15:54:47.285404 2022] [core:alert] [pid 14731] [client ::1:54713] /Users/davidg/Sites/hypnos/.htaccess: RewriteRule: cannot compile regular expression '^api[/([a-zA-Z]+)]*$'
[Sun Mar 27 16:03:39.157815 2022] [php:error] [pid 14728] [client ::1:56892] script '/Users/davidg/Sites/hypnos/api.index.php' not found or unable to stat
[Sun Mar 27 16:03:56.141458 2022] [php:error] [pid 14730] [client ::1:56893] script '/Users/davidg/Sites/hypnos/api.index.php' not found or unable to stat
[Sun Mar 27 16:04:40.810201 2022] [php:error] [pid 14732] [client ::1:57146] script '/Users/davidg/Sites/hypnos/api.index.php' not found or unable to stat
[Sun Mar 27 16:05:07.035544 2022] [php:error] [pid 14720] [client ::1:57254] script '/Users/davidg/Sites/hypnos/api.index.php' not found or unable to stat
[Sun Mar 27 16:05:17.024013 2022] [php:error] [pid 14719] [client ::1:57255] script '/Users/davidg/Sites/hypnos/api.index.php' not found or unable to stat
[Sun Mar 27 16:05:47.221011 2022] [php:error] [pid 14718] [client ::1:57418] script '/Users/davidg/Sites/hypnos/api.index.php' not found or unable to stat
[Sun Mar 27 16:06:18.710458 2022] [php:error] [pid 14728] [client ::1:57547] script '/Users/davidg/Sites/hypnos/api.index.php' not found or unable to stat
[Sun Mar 27 16:06:28.037404 2022] [php:error] [pid 14730] [client ::1:57548] script '/Users/davidg/Sites/hypnos/api.index.php' not found or unable to stat
[Sun Mar 27 16:13:03.031382 2022] [core:alert] [pid 14719] [client ::1:59204] /Users/davidg/Sites/hypnos/.htaccess: RewriteRule: cannot compile regular expression '^?(.+/)$'
[Sun Mar 27 16:16:09.417093 2022] [core:error] [pid 14728] [client ::1:59896] AH00124: Request exceeded the limit of 10 internal redirects due to probable configuration error. Use 'LimitInternalRecursion' to increase the limit if necessary. Use 'LogLevel debug' to get a backtrace.
[Sun Mar 27 16:16:52.776919 2022] [core:alert] [pid 14731] [client ::1:60148] /Users/davidg/Sites/hypnos/.htaccess: RewriteRule: bad flag delimiters
[Sun Mar 27 16:22:29.139339 2022] [php:error] [pid 14716] [client ::1:61587] script '/Users/davidg/Sites/hypnos/test/index.php' not found or unable to stat
[Sun Mar 27 16:22:32.169725 2022] [php:error] [pid 14716] [client ::1:61587] script '/Users/davidg/Sites/hypnos/test/index.php' not found or unable to stat
[Sun Mar 27 16:27:40.054997 2022] [core:alert] [pid 14716] [client ::1:62915] /Users/davidg/Sites/hypnos/.htaccess: RewriteRule: cannot compile regular expression '^?([a-zA-Z/]+)*$'
[Sun Mar 27 17:25:57.485371 2022] [core:alert] [pid 14733] [client ::1:60690] /Users/davidg/Sites/hypnos/.htaccess: RewriteCond: unknown flag 'C'
[Sun Mar 27 19:02:54.308225 2022] [core:alert] [pid 14717] [client ::1:50038] /Users/davidg/Sites/hypnos/.htaccess: RewriteRule: bad flag delimiters
[Sun Mar 27 19:03:15.277139 2022] [core:alert] [pid 14716] [client ::1:50126] /Users/davidg/Sites/hypnos/.htaccess: RewriteRule: bad flag delimiters
[Sun Mar 27 19:03:41.961963 2022] [core:alert] [pid 14728] [client ::1:50234] /Users/davidg/Sites/hypnos/.htaccess: RewriteRule: bad flag delimiters
[Sun Mar 27 19:06:02.670720 2022] [core:alert] [pid 14732] [client ::1:50798] /Users/davidg/Sites/hypnos/.htaccess: RewriteRule: bad flag delimiters
[Sun Mar 27 19:09:31.471360 2022] [core:alert] [pid 14720] [client ::1:51672] /Users/davidg/Sites/hypnos/.htaccess: RewriteRule: bad flag delimiters
[Sun Mar 27 19:09:41.884584 2022] [core:alert] [pid 14719] [client ::1:51673] /Users/davidg/Sites/hypnos/.htaccess: RewriteRule: bad flag delimiters
[Sun Mar 27 19:09:55.772940 2022] [core:alert] [pid 14717] [client ::1:51720] /Users/davidg/Sites/hypnos/.htaccess: RewriteRule: bad flag delimiters
[Sun Mar 27 19:10:21.307725 2022] [core:alert] [pid 14716] [client ::1:51883] /Users/davidg/Sites/hypnos/.htaccess: RewriteRule: bad flag delimiters
[Sun Mar 27 19:10:24.337123 2022] [core:alert] [pid 14718] [client ::1:51884] /Users/davidg/Sites/hypnos/.htaccess: RewriteRule: bad flag delimiters
[Sun Mar 27 19:10:44.184690 2022] [core:alert] [pid 14728] [client ::1:51898] /Users/davidg/Sites/hypnos/.htaccess: RewriteRule: bad flag delimiters
[Sun Mar 27 19:11:32.487586 2022] [core:alert] [pid 14732] [client ::1:52183] /Users/davidg/Sites/hypnos/.htaccess: RewriteRule: bad flag delimiters
[Sun Mar 27 19:11:38.610775 2022] [core:alert] [pid 14733] [client ::1:52184] /Users/davidg/Sites/hypnos/.htaccess: RewriteRule: bad flag delimiters
[Sun Mar 27 19:11:44.406682 2022] [core:alert] [pid 14720] [client ::1:52213] /Users/davidg/Sites/hypnos/.htaccess: RewriteRule: bad flag delimiters
[Sun Mar 27 19:12:06.704556 2022] [core:alert] [pid 14717] [client ::1:52337] /Users/davidg/Sites/hypnos/.htaccess: RewriteRule: bad flag delimiters
[Sun Mar 27 19:12:12.364253 2022] [core:alert] [pid 14730] [client ::1:52338] /Users/davidg/Sites/hypnos/.htaccess: RewriteRule: bad flag delimiters
[Sun Mar 27 19:12:41.160992 2022] [core:alert] [pid 14718] [client ::1:52490] /Users/davidg/Sites/hypnos/.htaccess: RewriteRule: bad flag delimiters
[Sun Mar 27 19:14:45.306923 2022] [core:alert] [pid 14731] [client ::1:52998] /Users/davidg/Sites/hypnos/.htaccess: RewriteRule: bad flag delimiters
[Sun Mar 27 19:16:24.367160 2022] [core:alert] [pid 14717] [client ::1:53402] /Users/davidg/Sites/hypnos/.htaccess: RewriteRule: bad flag delimiters
[Sun Mar 27 19:16:35.117737 2022] [core:alert] [pid 14730] [client ::1:53403] /Users/davidg/Sites/hypnos/.htaccess: RewriteRule: bad flag delimiters
[Sun Mar 27 19:16:47.048228 2022] [core:alert] [pid 14716] [client ::1:53450] /Users/davidg/Sites/hypnos/.htaccess: RewriteRule: bad flag delimiters
[Sun Mar 27 19:20:12.441291 2022] [core:alert] [pid 14728] [client ::1:54331] /Users/davidg/Sites/hypnos/.htaccess: RewriteRule: bad flag delimiters
[Sun Mar 27 19:20:15.507143 2022] [core:alert] [pid 14731] [client ::1:54332] /Users/davidg/Sites/hypnos/.htaccess: RewriteRule: bad flag delimiters
[Sun Mar 27 19:20:27.327105 2022] [core:alert] [pid 14732] [client ::1:54346] /Users/davidg/Sites/hypnos/.htaccess: RewriteRule: bad flag delimiters
[Sun Mar 27 20:02:10.574615 2022] [rewrite:error] [pid 1001] [client ::1:49389] AH02596: RewriteRule '^api/index.php?(.*)$' and URI '/api/establishments/suites' exceeded maximum number of rounds (32000) via the [N] flag
[Sun Mar 27 20:07:30.814526 2022] [rewrite:error] [pid 999] [client ::1:49425] AH02596: RewriteRule '^api/index.php?(.*)$' and URI '/api/establishments/suites' exceeded maximum number of rounds (32000) via the [N] flag
[Sun Mar 27 20:08:12.995948 2022] [rewrite:error] [pid 1003] [client ::1:49434] AH02596: RewriteRule '^api/index.php?(.*)$' and URI '/api/establishments/suites' exceeded maximum number of rounds (32000) via the [N] flag
[Sun Mar 27 20:09:49.862315 2022] [rewrite:error] [pid 1176] [client ::1:49545] AH02596: RewriteRule '^api/index.php?(.*)$' and URI '/api/establishments/suites' exceeded maximum number of rounds (32000) via the [N] flag
[Sun Mar 27 21:01:38.940837 2022] [rewrite:error] [pid 1003] [client ::1:49643] AH02596: RewriteRule '^api/index.php?(.*)$' and URI '/api/establishments/suites' exceeded maximum number of rounds (32000) via the [N] flag
[Sun Mar 27 21:03:27.052639 2022] [rewrite:error] [pid 1751] [client ::1:49664] AH02596: RewriteRule '^api/index.php?(.*)$' and URI '/api/establishments/suites' exceeded maximum number of rounds (32000) via the [N] flag
[Sun Mar 27 21:11:59.480692 2022] [core:alert] [pid 1751] [client ::1:49733] /Users/davidg/Sites/hypnos/.htaccess: RewriteCond: cannot compile regular expression '(?[[\\/a-zA-Z]]+)$'
[Sun Mar 27 21:12:50.618802 2022] [core:alert] [pid 1001] [client ::1:49739] /Users/davidg/Sites/hypnos/.htaccess: Invalid command '=', perhaps misspelled or defined by a module not included in the server configuration
[Sun Mar 27 21:24:16.237403 2022] [core:error] [pid 1176] [client ::1:49811] AH00124: Request exceeded the limit of 10 internal redirects due to probable configuration error. Use 'LimitInternalRecursion' to increase the limit if necessary. Use 'LogLevel debug' to get a backtrace.
[Sun Mar 27 21:24:28.434679 2022] [core:error] [pid 1005] [client ::1:49813] AH00124: Request exceeded the limit of 10 internal redirects due to probable configuration error. Use 'LimitInternalRecursion' to increase the limit if necessary. Use 'LogLevel debug' to get a backtrace.
[Sun Mar 27 21:24:52.649233 2022] [core:error] [pid 1795] [client ::1:49817] AH00124: Request exceeded the limit of 10 internal redirects due to probable configuration error. Use 'LimitInternalRecursion' to increase the limit if necessary. Use 'LogLevel debug' to get a backtrace.
[Sun Mar 27 21:25:23.388985 2022] [core:error] [pid 1178] [client ::1:49820] AH00124: Request exceeded the limit of 10 internal redirects due to probable configuration error. Use 'LimitInternalRecursion' to increase the limit if necessary. Use 'LogLevel debug' to get a backtrace.
[Sun Mar 27 21:25:57.500375 2022] [core:error] [pid 1751] [client ::1:49824] AH00124: Request exceeded the limit of 10 internal redirects due to probable configuration error. Use 'LimitInternalRecursion' to increase the limit if necessary. Use 'LogLevel debug' to get a backtrace.
[Sun Mar 27 21:26:03.848700 2022] [core:error] [pid 1176] [client ::1:49825] AH00124: Request exceeded the limit of 10 internal redirects due to probable configuration error. Use 'LimitInternalRecursion' to increase the limit if necessary. Use 'LogLevel debug' to get a backtrace.
[Sun Mar 27 21:32:17.197263 2022] [core:alert] [pid 1001] [client ::1:49859] /Users/davidg/Sites/hypnos/.htaccess: RewriteRule: cannot compile regular expression '^api\\(.*)$'
[Sun Mar 27 21:32:22.603253 2022] [rewrite:error] [pid 1795] [client ::1:49860] RewriteRule '^api\\/([\\w]+)\\/(.*)$' and URI '/api/establishments/suites/pictures' exceeded maximum length (16380)
[Sun Mar 27 21:34:40.775311 2022] [core:error] [pid 1001] [client ::1:49880] AH00124: Request exceeded the limit of 10 internal redirects due to probable configuration error. Use 'LimitInternalRecursion' to increase the limit if necessary. Use 'LogLevel debug' to get a backtrace.
[Sun Mar 27 21:34:50.358640 2022] [core:error] [pid 1178] [client ::1:49885] AH00124: Request exceeded the limit of 10 internal redirects due to probable configuration error. Use 'LimitInternalRecursion' to increase the limit if necessary. Use 'LogLevel debug' to get a backtrace.
[Sun Mar 27 21:34:52.090318 2022] [core:error] [pid 1003] [client ::1:49887] AH00124: Request exceeded the limit of 10 internal redirects due to probable configuration error. Use 'LimitInternalRecursion' to increase the limit if necessary. Use 'LogLevel debug' to get a backtrace.
[Sun Mar 27 21:46:14.836420 2022] [core:error] [pid 1751] [client ::1:49979] AH00124: Request exceeded the limit of 10 internal redirects due to probable configuration error. Use 'LimitInternalRecursion' to increase the limit if necessary. Use 'LogLevel debug' to get a backtrace.
[Sun Mar 27 21:46:14.837030 2022] [core:error] [pid 1751] [client ::1:49979] AH00124: Request exceeded the limit of 10 internal redirects due to probable configuration error. Use 'LimitInternalRecursion' to increase the limit if necessary. Use 'LogLevel debug' to get a backtrace.
[Sun Mar 27 21:49:46.562050 2022] [core:alert] [pid 1005] [client ::1:49995] /Users/davidg/Sites/hypnos/.htaccess: RewriteCond: unknown flag 'C'
[Sun Mar 27 21:53:13.226314 2022] [core:error] [pid 3309] [client ::1:50021] AH00124: Request exceeded the limit of 10 internal redirects due to probable configuration error. Use 'LimitInternalRecursion' to increase the limit if necessary. Use 'LogLevel debug' to get a backtrace.
[Sun Mar 27 22:05:54.357313 2022] [core:error] [pid 3309] [client ::1:50105] AH00124: Request exceeded the limit of 10 internal redirects due to probable configuration error. Use 'LimitInternalRecursion' to increase the limit if necessary. Use 'LogLevel debug' to get a backtrace.
[Sun Mar 27 22:15:14.740790 2022] [core:error] [pid 1751] [client ::1:50136] AH00124: Request exceeded the limit of 10 internal redirects due to probable configuration error. Use 'LimitInternalRecursion' to increase the limit if necessary. Use 'LogLevel debug' to get a backtrace.
[Sun Mar 27 22:17:02.853826 2022] [core:error] [pid 3309] [client ::1:50150] AH00124: Request exceeded the limit of 10 internal redirects due to probable configuration error. Use 'LimitInternalRecursion' to increase the limit if necessary. Use 'LogLevel debug' to get a backtrace.
[Sun Mar 27 22:23:26.538248 2022] [core:error] [pid 1001] [client ::1:50187] AH00124: Request exceeded the limit of 10 internal redirects due to probable configuration error. Use 'LimitInternalRecursion' to increase the limit if necessary. Use 'LogLevel debug' to get a backtrace.
[Sun Mar 27 22:30:45.674218 2022] [core:error] [pid 1178] [client ::1:50214] AH00124: Request exceeded the limit of 10 internal redirects due to probable configuration error. Use 'LimitInternalRecursion' to increase the limit if necessary. Use 'LogLevel debug' to get a backtrace.
[Sun Mar 27 22:31:28.562207 2022] [core:error] [pid 1795] [client ::1:50224] AH00124: Request exceeded the limit of 10 internal redirects due to probable configuration error. Use 'LimitInternalRecursion' to increase the limit if necessary. Use 'LogLevel debug' to get a backtrace.
[Sun Mar 27 22:32:45.554307 2022] [core:error] [pid 1000] [client ::1:50228] AH00124: Request exceeded the limit of 10 internal redirects due to probable configuration error. Use 'LimitInternalRecursion' to increase the limit if necessary. Use 'LogLevel debug' to get a backtrace.
[Sun Mar 27 22:33:42.833459 2022] [core:error] [pid 1751] [client ::1:50243] AH00124: Request exceeded the limit of 10 internal redirects due to probable configuration error. Use 'LimitInternalRecursion' to increase the limit if necessary. Use 'LogLevel debug' to get a backtrace.
[Sun Mar 27 22:34:01.306513 2022] [core:error] [pid 1001] [client ::1:50244] AH00124: Request exceeded the limit of 10 internal redirects due to probable configuration error. Use 'LimitInternalRecursion' to increase the limit if necessary. Use 'LogLevel debug' to get a backtrace.
[Sun Mar 27 22:36:46.937974 2022] [core:error] [pid 1795] [client ::1:50257] AH00124: Request exceeded the limit of 10 internal redirects due to probable configuration error. Use 'LimitInternalRecursion' to increase the limit if necessary. Use 'LogLevel debug' to get a backtrace.
[Sun Mar 27 22:37:03.071290 2022] [core:error] [pid 3309] [client ::1:50258] AH00124: Request exceeded the limit of 10 internal redirects due to probable configuration error. Use 'LimitInternalRecursion' to increase the limit if necessary. Use 'LogLevel debug' to get a backtrace.
[Sun Mar 27 22:37:18.633739 2022] [core:error] [pid 1000] [client ::1:50260] AH00124: Request exceeded the limit of 10 internal redirects due to probable configuration error. Use 'LimitInternalRecursion' to increase the limit if necessary. Use 'LogLevel debug' to get a backtrace.
[Sun Mar 27 22:38:16.866293 2022] [core:error] [pid 1001] [client ::1:50265] AH00124: Request exceeded the limit of 10 internal redirects due to probable configuration error. Use 'LimitInternalRecursion' to increase the limit if necessary. Use 'LogLevel debug' to get a backtrace.
[Sun Mar 27 22:40:08.273202 2022] [core:error] [pid 1178] [client ::1:50273] AH00124: Request exceeded the limit of 10 internal redirects due to probable configuration error. Use 'LimitInternalRecursion' to increase the limit if necessary. Use 'LogLevel debug' to get a backtrace.
[Sun Mar 27 22:40:22.898388 2022] [core:error] [pid 1003] [client ::1:50274] AH00124: Request exceeded the limit of 10 internal redirects due to probable configuration error. Use 'LimitInternalRecursion' to increase the limit if necessary. Use 'LogLevel debug' to get a backtrace.
[Sun Mar 27 22:41:12.505645 2022] [core:error] [pid 3309] [client ::1:50279] AH00124: Request exceeded the limit of 10 internal redirects due to probable configuration error. Use 'LimitInternalRecursion' to increase the limit if necessary. Use 'LogLevel debug' to get a backtrace.
[Sun Mar 27 22:41:34.716343 2022] [core:error] [pid 1176] [client ::1:50294] AH00124: Request exceeded the limit of 10 internal redirects due to probable configuration error. Use 'LimitInternalRecursion' to increase the limit if necessary. Use 'LogLevel debug' to get a backtrace.
[Sun Mar 27 22:41:43.844025 2022] [core:error] [pid 1751] [client ::1:50295] AH00124: Request exceeded the limit of 10 internal redirects due to probable configuration error. Use 'LimitInternalRecursion' to increase the limit if necessary. Use 'LogLevel debug' to get a backtrace.
[Sun Mar 27 22:51:17.060488 2022] [core:error] [pid 1176] [client ::1:50350] AH00124: Request exceeded the limit of 10 internal redirects due to probable configuration error. Use 'LimitInternalRecursion' to increase the limit if necessary. Use 'LogLevel debug' to get a backtrace.
[Sun Mar 27 22:52:03.618981 2022] [core:error] [pid 1001] [client ::1:50354] AH00124: Request exceeded the limit of 10 internal redirects due to probable configuration error. Use 'LimitInternalRecursion' to increase the limit if necessary. Use 'LogLevel debug' to get a backtrace.
[Sun Mar 27 23:06:49.266212 2022] [core:error] [pid 1000] [client ::1:50414] AH00124: Request exceeded the limit of 10 internal redirects due to probable configuration error. Use 'LimitInternalRecursion' to increase the limit if necessary. Use 'LogLevel debug' to get a backtrace.
[Sun Mar 27 23:07:02.946405 2022] [core:error] [pid 1176] [client ::1:50415] AH00124: Request exceeded the limit of 10 internal redirects due to probable configuration error. Use 'LimitInternalRecursion' to increase the limit if necessary. Use 'LogLevel debug' to get a backtrace.
[Sun Mar 27 23:08:07.898035 2022] [core:error] [pid 1001] [client ::1:50419] AH00124: Request exceeded the limit of 10 internal redirects due to probable configuration error. Use 'LimitInternalRecursion' to increase the limit if necessary. Use 'LogLevel debug' to get a backtrace.
[Sun Mar 27 23:08:32.138658 2022] [core:error] [pid 1178] [client ::1:50422] AH00124: Request exceeded the limit of 10 internal redirects due to probable configuration error. Use 'LimitInternalRecursion' to increase the limit if necessary. Use 'LogLevel debug' to get a backtrace.
[Sun Mar 27 23:10:55.939547 2022] [core:error] [pid 1751] [client ::1:50446] AH00124: Request exceeded the limit of 10 internal redirects due to probable configuration error. Use 'LimitInternalRecursion' to increase the limit if necessary. Use 'LogLevel debug' to get a backtrace.
[Sun Mar 27 23:14:12.355594 2022] [core:error] [pid 3309] [client ::1:50469] AH00124: Request exceeded the limit of 10 internal redirects due to probable configuration error. Use 'LimitInternalRecursion' to increase the limit if necessary. Use 'LogLevel debug' to get a backtrace.
[Sun Mar 27 23:15:33.995393 2022] [core:error] [pid 1751] [client ::1:50484] AH00124: Request exceeded the limit of 10 internal redirects due to probable configuration error. Use 'LimitInternalRecursion' to increase the limit if necessary. Use 'LogLevel debug' to get a backtrace.
[Sun Mar 27 23:15:36.455248 2022] [core:error] [pid 1001] [client ::1:50488] AH00124: Request exceeded the limit of 10 internal redirects due to probable configuration error. Use 'LimitInternalRecursion' to increase the limit if necessary. Use 'LogLevel debug' to get a backtrace.
[Sun Mar 27 23:35:20.355768 2022] [core:error] [pid 1000] [client ::1:50637] AH00124: Request exceeded the limit of 10 internal redirects due to probable configuration error. Use 'LimitInternalRecursion' to increase the limit if necessary. Use 'LogLevel debug' to get a backtrace.
[Sun Mar 27 23:35:26.661863 2022] [core:error] [pid 1176] [client ::1:50638] AH00124: Request exceeded the limit of 10 internal redirects due to probable configuration error. Use 'LimitInternalRecursion' to increase the limit if necessary. Use 'LogLevel debug' to get a backtrace.
[Sun Mar 27 23:35:32.910632 2022] [core:error] [pid 1751] [client ::1:50640] AH00124: Request exceeded the limit of 10 internal redirects due to probable configuration error. Use 'LimitInternalRecursion' to increase the limit if necessary. Use 'LogLevel debug' to get a backtrace.
[Sun Mar 27 23:35:32.910924 2022] [core:error] [pid 1751] [client ::1:50640] AH00124: Request exceeded the limit of 10 internal redirects due to probable configuration error. Use 'LimitInternalRecursion' to increase the limit if necessary. Use 'LogLevel debug' to get a backtrace.
[Sun Mar 27 23:37:29.275015 2022] [core:error] [pid 1176] [client ::1:50654] AH00124: Request exceeded the limit of 10 internal redirects due to probable configuration error. Use 'LimitInternalRecursion' to increase the limit if necessary. Use 'LogLevel debug' to get a backtrace.
[Sun Mar 27 23:43:00.888543 2022] [core:error] [pid 1751] [client ::1:50709] AH00124: Request exceeded the limit of 10 internal redirects due to probable configuration error. Use 'LimitInternalRecursion' to increase the limit if necessary. Use 'LogLevel debug' to get a backtrace.
